[2026-05-26 16:20:58] LOGIN_ATTEMPT login=admin hash=CLAIR status=SUCCESS
[2026-05-26 16:20:58] LOGIN_ATTEMPT login=user1 hash=MD5 status=SUCCESS
[2026-05-26 16:20:58] LOGIN_ATTEMPT login=user2 hash=SHA256 status=SUCCESS
[2026-05-26 16:20:58] LOGIN_ATTEMPT login=nonexistent hash=CLAIR status=FAILED error=User not found
[2026-05-26 16:20:58] LOGIN_ATTEMPT login=admin hash=CLAIR status=FAILED error=Password mismatch
[2026-05-26 16:20:58] LOGIN_ATTEMPT login=admin hash=MD5 status=FAILED error=Password mismatch
[2026-05-26 16:20:58] LOGIN_ATTEMPT login=admin hash=INVALID status=FAILED error=Invalid hash method
[2026-05-26 16:20:58] LOGIN_ATTEMPT login=admin hash=CLAIR status=FAILED error=DB_ERROR: Connection refused
[2026-05-26 16:20:58] LOGIN_ATTEMPT login=admin hash=CLAIR status=SUCCESS
[2026-05-26 16:20:58] LOGIN_ATTEMPT login=admin hash=CLAIR status=SUCCESS
[2026-05-26 16:21:22] LOGIN_ATTEMPT login=admin hash=CLAIR status=SUCCESS
[2026-05-26 16:21:22] LOGIN_ATTEMPT login=user1 hash=MD5 status=SUCCESS
[2026-05-26 16:21:22] LOGIN_ATTEMPT login=user2 hash=SHA256 status=SUCCESS
[2026-05-26 16:21:22] LOGIN_ATTEMPT login=nonexistent hash=CLAIR status=FAILED error=User not found
[2026-05-26 16:21:22] LOGIN_ATTEMPT login=admin hash=CLAIR status=FAILED error=Password mismatch
[2026-05-26 16:21:22] LOGIN_ATTEMPT login=admin hash=MD5 status=FAILED error=Password mismatch
[2026-05-26 16:21:22] LOGIN_ATTEMPT login=admin hash=INVALID status=FAILED error=Invalid hash method
[2026-05-26 16:21:22] LOGIN_ATTEMPT login=admin hash=CLAIR status=FAILED error=DB_ERROR: Connection refused
[2026-05-26 16:21:22] LOGIN_ATTEMPT login=admin hash=CLAIR status=SUCCESS
[2026-05-26 16:21:22] LOGIN_ATTEMPT login=admin hash=CLAIR status=SUCCESS
[2026-05-26 16:23:43] LOGIN_ATTEMPT login=admin hash=CLAIR status=SUCCESS
[2026-05-26 16:23:43] LOGIN_ATTEMPT login=user1 hash=MD5 status=SUCCESS
[2026-05-26 16:23:43] LOGIN_ATTEMPT login=user2 hash=SHA256 status=SUCCESS
[2026-05-26 16:23:43] LOGIN_ATTEMPT login=nonexistent hash=CLAIR status=FAILED error=User not found
[2026-05-26 16:23:43] LOGIN_ATTEMPT login=admin hash=CLAIR status=FAILED error=Password mismatch
[2026-05-26 16:23:43] LOGIN_ATTEMPT login=admin hash=MD5 status=FAILED error=Password mismatch
[2026-05-26 16:23:43] LOGIN_ATTEMPT login=admin hash=INVALID status=FAILED error=Invalid hash method
[2026-05-26 16:23:43] LOGIN_ATTEMPT login=admin hash=CLAIR status=FAILED error=DB_ERROR: Connection refused
[2026-05-26 16:23:43] LOGIN_ATTEMPT login=admin hash=CLAIR status=SUCCESS
[2026-05-26 16:23:43] LOGIN_ATTEMPT login=admin hash=CLAIR status=SUCCESS
[2026-05-26 16:23:51] LOGIN_ATTEMPT login=admin hash=CLAIR status=SUCCESS
[2026-05-26 16:23:51] LOGIN_ATTEMPT login=user1 hash=MD5 status=SUCCESS
[2026-05-26 16:23:51] LOGIN_ATTEMPT login=user2 hash=SHA256 status=SUCCESS
[2026-05-26 16:23:51] LOGIN_ATTEMPT login=nonexistent hash=CLAIR status=FAILED error=User not found
[2026-05-26 16:23:51] LOGIN_ATTEMPT login=admin hash=CLAIR status=FAILED error=Password mismatch
[2026-05-26 16:23:51] LOGIN_ATTEMPT login=admin hash=MD5 status=FAILED error=Password mismatch
[2026-05-26 16:23:51] LOGIN_ATTEMPT login=admin hash=INVALID status=FAILED error=Invalid hash method
[2026-05-26 16:23:51] LOGIN_ATTEMPT login=admin hash=CLAIR status=FAILED error=DB_ERROR: Connection refused
[2026-05-26 16:23:51] LOGIN_ATTEMPT login=admin hash=CLAIR status=SUCCESS
[2026-05-26 16:23:51] LOGIN_ATTEMPT login=admin hash=CLAIR status=SUCCESS
[2026-05-26 16:26:22] LOGIN_ATTEMPT login=admin hash=CLAIR status=SUCCESS
[2026-05-26 16:26:22] LOGIN_ATTEMPT login=user1 hash=MD5 status=SUCCESS
[2026-05-26 16:26:22] LOGIN_ATTEMPT login=user2 hash=SHA256 status=SUCCESS
[2026-05-26 16:26:22] LOGIN_ATTEMPT login=nonexistent hash=CLAIR status=FAILED error=User not found
[2026-05-26 16:26:22] LOGIN_ATTEMPT login=admin hash=CLAIR status=FAILED error=Password mismatch
[2026-05-26 16:26:22] LOGIN_ATTEMPT login=admin hash=MD5 status=FAILED error=Password mismatch
[2026-05-26 16:26:22] LOGIN_ATTEMPT login=admin hash=INVALID status=FAILED error=Invalid hash method
[2026-05-26 16:26:22] LOGIN_ATTEMPT login=admin hash=CLAIR status=FAILED error=DB_ERROR: Connection refused
[2026-05-26 16:26:22] LOGIN_ATTEMPT login=admin hash=CLAIR status=SUCCESS
[2026-05-26 16:26:22] LOGIN_ATTEMPT login=admin hash=CLAIR status=SUCCESS
[2026-05-26 16:26:51] LOGIN_ATTEMPT login=admin hash=CLAIR status=SUCCESS
[2026-05-26 16:26:51] LOGIN_ATTEMPT login=user1 hash=MD5 status=SUCCESS
[2026-05-26 16:26:51] LOGIN_ATTEMPT login=user2 hash=SHA256 status=SUCCESS
[2026-05-26 16:26:51] LOGIN_ATTEMPT login=nonexistent hash=CLAIR status=FAILED error=User not found
[2026-05-26 16:26:51] LOGIN_ATTEMPT login=admin hash=CLAIR status=FAILED error=Password mismatch
[2026-05-26 16:26:51] LOGIN_ATTEMPT login=admin hash=MD5 status=FAILED error=Password mismatch
[2026-05-26 16:26:51] LOGIN_ATTEMPT login=admin hash=INVALID status=FAILED error=Invalid hash method
[2026-05-26 16:26:51] LOGIN_ATTEMPT login=admin hash=CLAIR status=FAILED error=DB_ERROR: Connection refused
[2026-05-26 16:26:51] LOGIN_ATTEMPT login=admin hash=CLAIR status=SUCCESS
[2026-05-26 16:26:51] LOGIN_ATTEMPT login=admin hash=CLAIR status=SUCCESS
[2026-05-26 16:30:42] AUTH_FAILED endpoint=protected token=MISSING reason=MISSING
[2026-05-26 16:30:42] AUTH_FAILED endpoint=protected token=eyJhbGciOiJIUzI1NiIs... reason=MALFORMED_HEADER
[2026-05-26 16:30:42] AUTH_FAILED endpoint=protected token=InvalidFormat token... reason=MALFORMED_HEADER
[2026-05-26 16:30:42] AUTH_FAILED endpoint=protected token=eyJhbGciOiJIUzI1NiIs... reason=EXPIRED
[2026-05-26 16:30:42] AUTH_FAILED endpoint=protected token=eyJhbGciOiJIUzI1NiIs... reason=INVALID_SIGNATURE
[2026-05-26 16:30:42] AUTH_FAILED endpoint=protected token=MISSING reason=MISSING
[2026-05-26 16:30:42] AUTH_FAILED endpoint=protected token=eyJhbGciOiJIUzI1NiIs... reason=EXPIRED
[2026-05-26 16:30:42] AUTH_FAILED endpoint=protected token=MISSING reason=MISSING
[2026-05-26 16:30:42] AUTH_FAILED endpoint=protected token=eyJhbGciOiJIUzI1NiIs... reason=INVALID_SIGNATURE
[2026-05-26 16:30:42] AUTH_FAILED endpoint=protected token=MISSING reason=MISSING
[2026-05-26 16:30:42] AUTH_FAILED endpoint=protected token=invalid-token... reason=INVALID_SIGNATURE
[2026-05-26 16:31:50] AUTH_FAILED endpoint=protected token=MISSING reason=MISSING
[2026-05-26 16:31:50] AUTH_FAILED endpoint=protected token=eyJhbGciOiJIUzI1NiIs... reason=MALFORMED_HEADER
[2026-05-26 16:31:50] AUTH_FAILED endpoint=protected token=InvalidFormat token... reason=MALFORMED_HEADER
[2026-05-26 16:31:50] AUTH_FAILED endpoint=protected token=eyJhbGciOiJIUzI1NiIs... reason=EXPIRED
[2026-05-26 16:31:50] AUTH_FAILED endpoint=protected token=eyJhbGciOiJIUzI1NiIs... reason=INVALID_SIGNATURE
[2026-05-26 16:31:50] AUTH_FAILED endpoint=protected token=eyJhbGciOiJIUzI1NiIs... reason=NOT_IN_ACTIVE_TOKENS
[2026-05-26 16:31:50] AUTH_FAILED endpoint=protected token=MISSING reason=MISSING
[2026-05-26 16:31:50] AUTH_FAILED endpoint=protected token=eyJhbGciOiJIUzI1NiIs... reason=EXPIRED
[2026-05-26 16:31:50] AUTH_FAILED endpoint=protected token=MISSING reason=MISSING
[2026-05-26 16:31:50] AUTH_FAILED endpoint=protected token=eyJhbGciOiJIUzI1NiIs... reason=INVALID_SIGNATURE
[2026-05-26 16:31:50] AUTH_FAILED endpoint=protected token=MISSING reason=MISSING
[2026-05-26 16:31:50] AUTH_FAILED endpoint=protected token=invalid-token... reason=INVALID_SIGNATURE
[2026-05-26 16:32:18] LOGIN_ATTEMPT login=admin hash=CLAIR status=SUCCESS
[2026-05-26 16:32:18] LOGIN_ATTEMPT login=user1 hash=MD5 status=SUCCESS
[2026-05-26 16:32:18] LOGIN_ATTEMPT login=user2 hash=SHA256 status=SUCCESS
[2026-05-26 16:32:18] LOGIN_ATTEMPT login=nonexistent hash=CLAIR status=FAILED error=User not found
[2026-05-26 16:32:18] LOGIN_ATTEMPT login=admin hash=CLAIR status=FAILED error=Password mismatch
[2026-05-26 16:32:18] LOGIN_ATTEMPT login=admin hash=MD5 status=FAILED error=Password mismatch
[2026-05-26 16:32:18] LOGIN_ATTEMPT login=admin hash=INVALID status=FAILED error=Invalid hash method
[2026-05-26 16:32:18] LOGIN_ATTEMPT login=admin hash=CLAIR status=FAILED error=DB_ERROR: Connection refused
[2026-05-26 16:32:18] LOGIN_ATTEMPT login=admin hash=CLAIR status=SUCCESS
[2026-05-26 16:32:18] LOGIN_ATTEMPT login=admin hash=CLAIR status=SUCCESS
[2026-05-26 16:32:19] AUTH_FAILED endpoint=protected token=MISSING reason=MISSING
[2026-05-26 16:32:19] AUTH_FAILED endpoint=protected token=eyJhbGciOiJIUzI1NiIs... reason=MALFORMED_HEADER
[2026-05-26 16:32:19] AUTH_FAILED endpoint=protected token=InvalidFormat token... reason=MALFORMED_HEADER
[2026-05-26 16:32:19] AUTH_FAILED endpoint=protected token=eyJhbGciOiJIUzI1NiIs... reason=EXPIRED
[2026-05-26 16:32:19] AUTH_FAILED endpoint=protected token=eyJhbGciOiJIUzI1NiIs... reason=INVALID_SIGNATURE
[2026-05-26 16:32:19] AUTH_FAILED endpoint=protected token=eyJhbGciOiJIUzI1NiIs... reason=NOT_IN_ACTIVE_TOKENS
[2026-05-26 16:32:19] AUTH_FAILED endpoint=protected token=MISSING reason=MISSING
[2026-05-26 16:32:19] AUTH_FAILED endpoint=protected token=eyJhbGciOiJIUzI1NiIs... reason=EXPIRED
[2026-05-26 16:32:19] AUTH_FAILED endpoint=protected token=MISSING reason=MISSING
[2026-05-26 16:32:20] AUTH_FAILED endpoint=protected token=eyJhbGciOiJIUzI1NiIs... reason=INVALID_SIGNATURE
[2026-05-26 16:32:20] AUTH_FAILED endpoint=protected token=MISSING reason=MISSING
[2026-05-26 16:32:20] AUTH_FAILED endpoint=protected token=invalid-token... reason=INVALID_SIGNATURE
[2026-05-26 16:33:01] LOGIN_ATTEMPT login=admin hash=CLAIR status=SUCCESS
[2026-05-26 16:33:01] LOGIN_ATTEMPT login=user1 hash=MD5 status=SUCCESS
[2026-05-26 16:33:01] LOGIN_ATTEMPT login=user2 hash=SHA256 status=SUCCESS
[2026-05-26 16:33:01] LOGIN_ATTEMPT login=nonexistent hash=CLAIR status=FAILED error=User not found
[2026-05-26 16:33:01] LOGIN_ATTEMPT login=admin hash=CLAIR status=FAILED error=Password mismatch
[2026-05-26 16:33:01] LOGIN_ATTEMPT login=admin hash=MD5 status=FAILED error=Password mismatch
[2026-05-26 16:33:01] LOGIN_ATTEMPT login=admin hash=INVALID status=FAILED error=Invalid hash method
[2026-05-26 16:33:01] LOGIN_ATTEMPT login=admin hash=CLAIR status=FAILED error=DB_ERROR: Connection refused
[2026-05-26 16:33:01] LOGIN_ATTEMPT login=admin hash=CLAIR status=SUCCESS
[2026-05-26 16:33:01] LOGIN_ATTEMPT login=admin hash=CLAIR status=SUCCESS
[2026-05-26 16:33:02] AUTH_FAILED endpoint=protected token=MISSING reason=MISSING
[2026-05-26 16:33:02] AUTH_FAILED endpoint=protected token=eyJhbGciOiJIUzI1NiIs... reason=MALFORMED_HEADER
[2026-05-26 16:33:02] AUTH_FAILED endpoint=protected token=InvalidFormat token... reason=MALFORMED_HEADER
[2026-05-26 16:33:02] AUTH_FAILED endpoint=protected token=eyJhbGciOiJIUzI1NiIs... reason=EXPIRED
[2026-05-26 16:33:02] AUTH_FAILED endpoint=protected token=eyJhbGciOiJIUzI1NiIs... reason=INVALID_SIGNATURE
[2026-05-26 16:33:02] AUTH_FAILED endpoint=protected token=eyJhbGciOiJIUzI1NiIs... reason=NOT_IN_ACTIVE_TOKENS
[2026-05-26 16:33:02] AUTH_FAILED endpoint=protected token=MISSING reason=MISSING
[2026-05-26 16:33:02] AUTH_FAILED endpoint=protected token=eyJhbGciOiJIUzI1NiIs... reason=EXPIRED
[2026-05-26 16:33:02] AUTH_FAILED endpoint=protected token=MISSING reason=MISSING
[2026-05-26 16:33:02] AUTH_FAILED endpoint=protected token=eyJhbGciOiJIUzI1NiIs... reason=INVALID_SIGNATURE
[2026-05-26 16:33:02] AUTH_FAILED endpoint=protected token=MISSING reason=MISSING
[2026-05-26 16:33:02] AUTH_FAILED endpoint=protected token=invalid-token... reason=INVALID_SIGNATURE
[2026-05-26 16:33:21] LOGIN_ATTEMPT login=admin hash=CLAIR status=SUCCESS
[2026-05-26 16:33:21] LOGIN_ATTEMPT login=user1 hash=MD5 status=SUCCESS
[2026-05-26 16:33:21] LOGIN_ATTEMPT login=user2 hash=SHA256 status=SUCCESS
[2026-05-26 16:33:21] LOGIN_ATTEMPT login=nonexistent hash=CLAIR status=FAILED error=User not found
[2026-05-26 16:33:21] LOGIN_ATTEMPT login=admin hash=CLAIR status=FAILED error=Password mismatch
[2026-05-26 16:33:21] LOGIN_ATTEMPT login=admin hash=MD5 status=FAILED error=Password mismatch
[2026-05-26 16:33:21] LOGIN_ATTEMPT login=admin hash=INVALID status=FAILED error=Invalid hash method
[2026-05-26 16:33:21] LOGIN_ATTEMPT login=admin hash=CLAIR status=FAILED error=DB_ERROR: Connection refused
[2026-05-26 16:33:21] LOGIN_ATTEMPT login=admin hash=CLAIR status=SUCCESS
[2026-05-26 16:33:21] LOGIN_ATTEMPT login=admin hash=CLAIR status=SUCCESS
[2026-05-26 16:33:22] AUTH_FAILED endpoint=protected token=MISSING reason=MISSING
[2026-05-26 16:33:22] AUTH_FAILED endpoint=protected token=eyJhbGciOiJIUzI1NiIs... reason=MALFORMED_HEADER
[2026-05-26 16:33:22] AUTH_FAILED endpoint=protected token=InvalidFormat token... reason=MALFORMED_HEADER
[2026-05-26 16:33:22] AUTH_FAILED endpoint=protected token=eyJhbGciOiJIUzI1NiIs... reason=EXPIRED
[2026-05-26 16:33:22] AUTH_FAILED endpoint=protected token=eyJhbGciOiJIUzI1NiIs... reason=INVALID_SIGNATURE
[2026-05-26 16:33:22] AUTH_FAILED endpoint=protected token=eyJhbGciOiJIUzI1NiIs... reason=NOT_IN_ACTIVE_TOKENS
[2026-05-26 16:33:22] AUTH_FAILED endpoint=protected token=MISSING reason=MISSING
[2026-05-26 16:33:22] AUTH_FAILED endpoint=protected token=eyJhbGciOiJIUzI1NiIs... reason=EXPIRED
[2026-05-26 16:33:22] AUTH_FAILED endpoint=protected token=MISSING reason=MISSING
[2026-05-26 16:33:22] AUTH_FAILED endpoint=protected token=eyJhbGciOiJIUzI1NiIs... reason=INVALID_SIGNATURE
[2026-05-26 16:33:22] AUTH_FAILED endpoint=protected token=MISSING reason=MISSING
[2026-05-26 16:33:22] AUTH_FAILED endpoint=protected token=invalid-token... reason=INVALID_SIGNATURE
[2026-05-26 16:33:48] LOGIN_ATTEMPT login=admin hash=CLAIR status=SUCCESS
[2026-05-26 16:33:48] LOGIN_ATTEMPT login=user1 hash=MD5 status=SUCCESS
[2026-05-26 16:33:48] LOGIN_ATTEMPT login=user2 hash=SHA256 status=SUCCESS
[2026-05-26 16:33:49] LOGIN_ATTEMPT login=nonexistent hash=CLAIR status=FAILED error=User not found
[2026-05-26 16:33:49] LOGIN_ATTEMPT login=admin hash=CLAIR status=FAILED error=Password mismatch
[2026-05-26 16:33:49] LOGIN_ATTEMPT login=admin hash=MD5 status=FAILED error=Password mismatch
[2026-05-26 16:33:49] LOGIN_ATTEMPT login=admin hash=INVALID status=FAILED error=Invalid hash method
[2026-05-26 16:33:49] LOGIN_ATTEMPT login=admin hash=CLAIR status=FAILED error=DB_ERROR: Connection refused
[2026-05-26 16:33:49] LOGIN_ATTEMPT login=admin hash=CLAIR status=SUCCESS
[2026-05-26 16:33:49] LOGIN_ATTEMPT login=admin hash=CLAIR status=SUCCESS
[2026-05-26 16:33:49] AUTH_FAILED endpoint=protected token=MISSING reason=MISSING
[2026-05-26 16:33:49] AUTH_FAILED endpoint=protected token=eyJhbGciOiJIUzI1NiIs... reason=MALFORMED_HEADER
[2026-05-26 16:33:49] AUTH_FAILED endpoint=protected token=InvalidFormat token... reason=MALFORMED_HEADER
[2026-05-26 16:33:49] AUTH_FAILED endpoint=protected token=eyJhbGciOiJIUzI1NiIs... reason=EXPIRED
[2026-05-26 16:33:49] AUTH_FAILED endpoint=protected token=eyJhbGciOiJIUzI1NiIs... reason=INVALID_SIGNATURE
[2026-05-26 16:33:49] AUTH_FAILED endpoint=protected token=eyJhbGciOiJIUzI1NiIs... reason=NOT_IN_ACTIVE_TOKENS
[2026-05-26 16:33:49] AUTH_FAILED endpoint=protected token=MISSING reason=MISSING
[2026-05-26 16:33:49] AUTH_FAILED endpoint=protected token=eyJhbGciOiJIUzI1NiIs... reason=EXPIRED
[2026-05-26 16:33:49] AUTH_FAILED endpoint=protected token=MISSING reason=MISSING
[2026-05-26 16:33:49] AUTH_FAILED endpoint=protected token=eyJhbGciOiJIUzI1NiIs... reason=INVALID_SIGNATURE
[2026-05-26 16:33:49] AUTH_FAILED endpoint=protected token=MISSING reason=MISSING
[2026-05-26 16:33:49] AUTH_FAILED endpoint=protected token=invalid-token... reason=INVALID_SIGNATURE
[2026-05-26 16:51:05] LOGIN_ATTEMPT login=admin hash=CLAIR status=SUCCESS
[2026-05-26 16:51:05] LOGIN_ATTEMPT login=user1 hash=MD5 status=SUCCESS
[2026-05-26 16:51:05] LOGIN_ATTEMPT login=user2 hash=SHA256 status=SUCCESS
[2026-05-26 16:51:05] LOGIN_ATTEMPT login=nonexistent hash=CLAIR status=FAILED error=User not found
[2026-05-26 16:51:05] LOGIN_ATTEMPT login=admin hash=CLAIR status=FAILED error=Password mismatch
[2026-05-26 16:51:05] LOGIN_ATTEMPT login=admin hash=MD5 status=FAILED error=Password mismatch
[2026-05-26 16:51:05] LOGIN_ATTEMPT login=admin hash=INVALID status=FAILED error=Invalid hash method
[2026-05-26 16:51:05] LOGIN_ATTEMPT login=admin hash=CLAIR status=FAILED error=DB_ERROR: Connection refused
[2026-05-26 16:51:05] LOGIN_ATTEMPT login=admin hash=CLAIR status=SUCCESS
[2026-05-26 16:51:05] LOGIN_ATTEMPT login=admin hash=CLAIR status=SUCCESS
[2026-05-26 16:52:27] AUTH_FAILED endpoint=protected token=MISSING reason=MISSING
[2026-05-26 16:52:27] AUTH_FAILED endpoint=protected token=68a6fcc41227992f reason=MALFORMED_HEADER
[2026-05-26 16:52:27] AUTH_FAILED endpoint=protected token=82febdd58e5683e6 reason=MALFORMED_HEADER
[2026-05-26 16:52:27] AUTH_FAILED endpoint=protected token=d7578ac701528fa4 reason=EXPIRED
[2026-05-26 16:52:27] AUTH_FAILED endpoint=protected token=fab28fdfc8e0e9e3 reason=INVALID_SIGNATURE
[2026-05-26 16:52:27] AUTH_FAILED endpoint=protected token=68a6fcc41227992f reason=NOT_IN_ACTIVE_TOKENS
[2026-05-26 16:52:27] AUTH_FAILED endpoint=protected token=MISSING reason=MISSING
[2026-05-26 16:52:28] AUTH_FAILED endpoint=protected token=6133d34911fa2d36 reason=EXPIRED
[2026-05-26 16:52:28] AUTH_FAILED endpoint=protected token=MISSING reason=MISSING
[2026-05-26 16:52:28] AUTH_FAILED endpoint=protected token=7d0a674325be5ec9 reason=INVALID_SIGNATURE
[2026-05-26 16:52:28] AUTH_FAILED endpoint=protected token=MISSING reason=MISSING
[2026-05-26 16:52:28] AUTH_FAILED endpoint=protected token=644d0c3b82bfe5e0 reason=INVALID_SIGNATURE
[2026-05-26 16:54:37] LOGIN_ATTEMPT login=admin hash=CLAIR status=SUCCESS
[2026-05-26 16:54:37] LOGIN_ATTEMPT login=user1 hash=MD5 status=SUCCESS
[2026-05-26 16:54:37] LOGIN_ATTEMPT login=user2 hash=SHA256 status=SUCCESS
[2026-05-26 16:54:37] LOGIN_ATTEMPT login=nonexistent hash=CLAIR status=FAILED error=User not found
[2026-05-26 16:54:37] LOGIN_ATTEMPT login=admin hash=CLAIR status=FAILED error=Password mismatch
[2026-05-26 16:54:37] LOGIN_ATTEMPT login=admin hash=MD5 status=FAILED error=Password mismatch
[2026-05-26 16:54:37] LOGIN_ATTEMPT login=admin hash=INVALID status=FAILED error=Invalid hash method
[2026-05-26 16:54:37] LOGIN_ATTEMPT login=admin hash=CLAIR status=FAILED error=DB_ERROR: Connection refused
[2026-05-26 16:54:37] LOGIN_ATTEMPT login=admin hash=CLAIR status=SUCCESS
[2026-05-26 16:54:37] LOGIN_ATTEMPT login=admin hash=CLAIR status=SUCCESS
[2026-05-26 16:54:37] AUTH_FAILED endpoint=protected token=MISSING reason=MISSING
[2026-05-26 16:54:37] AUTH_FAILED endpoint=protected token=f7c2538f5394cfea reason=MALFORMED_HEADER
[2026-05-26 16:54:37] AUTH_FAILED endpoint=protected token=82febdd58e5683e6 reason=MALFORMED_HEADER
[2026-05-26 16:54:37] AUTH_FAILED endpoint=protected token=c43046dbce840ce4 reason=EXPIRED
[2026-05-26 16:54:37] AUTH_FAILED endpoint=protected token=ff0216e09d611a77 reason=INVALID_SIGNATURE
[2026-05-26 16:54:37] AUTH_FAILED endpoint=protected token=f7c2538f5394cfea reason=NOT_IN_ACTIVE_TOKENS
[2026-05-26 16:54:37] AUTH_FAILED endpoint=protected token=MISSING reason=MISSING
[2026-05-26 16:54:37] AUTH_FAILED endpoint=protected token=c43046dbce840ce4 reason=EXPIRED
[2026-05-26 16:54:37] AUTH_FAILED endpoint=protected token=MISSING reason=MISSING
[2026-05-26 16:54:37] AUTH_FAILED endpoint=protected token=ff0216e09d611a77 reason=INVALID_SIGNATURE
[2026-05-26 16:54:37] AUTH_FAILED endpoint=protected token=MISSING reason=MISSING
[2026-05-26 16:54:37] AUTH_FAILED endpoint=protected token=644d0c3b82bfe5e0 reason=INVALID_SIGNATURE
[2026-05-26 16:57:03] LOGIN_ATTEMPT login=admin hash=CLAIR status=SUCCESS
[2026-05-26 16:57:03] LOGIN_ATTEMPT login=user1 hash=MD5 status=SUCCESS
[2026-05-26 16:57:03] LOGIN_ATTEMPT login=user2 hash=SHA256 status=SUCCESS
[2026-05-26 16:57:03] LOGIN_ATTEMPT login=nonexistent hash=CLAIR status=FAILED error=User not found
[2026-05-26 16:57:03] LOGIN_ATTEMPT login=admin hash=CLAIR status=FAILED error=Password mismatch
[2026-05-26 16:57:03] LOGIN_ATTEMPT login=admin hash=MD5 status=FAILED error=Password mismatch
[2026-05-26 16:57:03] LOGIN_ATTEMPT login=admin hash=INVALID status=FAILED error=Invalid hash method
[2026-05-26 16:57:03] LOGIN_ATTEMPT login=admin hash=CLAIR status=FAILED error=DB_ERROR: Connection refused
[2026-05-26 16:57:03] LOGIN_ATTEMPT login=admin hash=CLAIR status=SUCCESS
[2026-05-26 16:57:03] LOGIN_ATTEMPT login=admin hash=CLAIR status=SUCCESS
[2026-05-26 16:57:03] AUTH_FAILED endpoint=protected token=MISSING reason=MISSING
[2026-05-26 16:57:03] AUTH_FAILED endpoint=protected token=68381ca166e40cca reason=MALFORMED_HEADER
[2026-05-26 16:57:03] AUTH_FAILED endpoint=protected token=82febdd58e5683e6 reason=MALFORMED_HEADER
[2026-05-26 16:57:03] AUTH_FAILED endpoint=protected token=5fb34c29f182304a reason=EXPIRED
[2026-05-26 16:57:03] AUTH_FAILED endpoint=protected token=c99e71af5ad074ea reason=INVALID_SIGNATURE
[2026-05-26 16:57:03] AUTH_FAILED endpoint=protected token=68381ca166e40cca reason=NOT_IN_ACTIVE_TOKENS
[2026-05-26 16:57:03] AUTH_FAILED endpoint=protected token=MISSING reason=MISSING
[2026-05-26 16:57:03] AUTH_FAILED endpoint=protected token=5fb34c29f182304a reason=EXPIRED
[2026-05-26 16:57:03] AUTH_FAILED endpoint=protected token=MISSING reason=MISSING
[2026-05-26 16:57:03] AUTH_FAILED endpoint=protected token=c99e71af5ad074ea reason=INVALID_SIGNATURE
[2026-05-26 16:57:03] AUTH_FAILED endpoint=protected token=MISSING reason=MISSING
[2026-05-26 16:57:03] AUTH_FAILED endpoint=protected token=644d0c3b82bfe5e0 reason=INVALID_SIGNATURE
[2026-05-26 16:57:30] LOGIN_ATTEMPT login=admin hash=CLAIR status=SUCCESS
[2026-05-26 16:57:30] LOGIN_ATTEMPT login=user1 hash=MD5 status=SUCCESS
[2026-05-26 16:57:30] LOGIN_ATTEMPT login=user2 hash=SHA256 status=SUCCESS
[2026-05-26 16:57:30] LOGIN_ATTEMPT login=nonexistent hash=CLAIR status=FAILED error=User not found
[2026-05-26 16:57:30] LOGIN_ATTEMPT login=admin hash=CLAIR status=FAILED error=Password mismatch
[2026-05-26 16:57:30] LOGIN_ATTEMPT login=admin hash=MD5 status=FAILED error=Password mismatch
[2026-05-26 16:57:30] LOGIN_ATTEMPT login=admin hash=INVALID status=FAILED error=Invalid hash method
[2026-05-26 16:57:30] LOGIN_ATTEMPT login=admin hash=CLAIR status=FAILED error=DB_ERROR: Connection refused
[2026-05-26 16:57:30] LOGIN_ATTEMPT login=admin hash=CLAIR status=SUCCESS
[2026-05-26 16:57:30] LOGIN_ATTEMPT login=admin hash=CLAIR status=SUCCESS
[2026-05-26 16:57:30] AUTH_FAILED endpoint=protected token=MISSING reason=MISSING
[2026-05-26 16:57:30] AUTH_FAILED endpoint=protected token=39548557db0717be reason=MALFORMED_HEADER
[2026-05-26 16:57:30] AUTH_FAILED endpoint=protected token=82febdd58e5683e6 reason=MALFORMED_HEADER
[2026-05-26 16:57:30] AUTH_FAILED endpoint=protected token=ecdc4ced09038832 reason=EXPIRED
[2026-05-26 16:57:30] AUTH_FAILED endpoint=protected token=dfa9e5a510155890 reason=INVALID_SIGNATURE
[2026-05-26 16:57:30] AUTH_FAILED endpoint=protected token=39548557db0717be reason=NOT_IN_ACTIVE_TOKENS
[2026-05-26 16:57:30] AUTH_FAILED endpoint=protected token=MISSING reason=MISSING
[2026-05-26 16:57:30] AUTH_FAILED endpoint=protected token=ecdc4ced09038832 reason=EXPIRED
[2026-05-26 16:57:30] AUTH_FAILED endpoint=protected token=MISSING reason=MISSING
[2026-05-26 16:57:30] AUTH_FAILED endpoint=protected token=dfa9e5a510155890 reason=INVALID_SIGNATURE
[2026-05-26 16:57:30] AUTH_FAILED endpoint=protected token=MISSING reason=MISSING
[2026-05-26 16:57:30] AUTH_FAILED endpoint=protected token=644d0c3b82bfe5e0 reason=INVALID_SIGNATURE
[2026-05-26 19:05:19] LOGIN_ATTEMPT login=BKS hash=CLAIR status=SUCCESS
[2026-05-26 19:05:36] LOGIN_ATTEMPT login=euueud hash=CLAIR status=FAILED error=User not found
[2026-05-26 19:05:48] LOGIN_ATTEMPT login=BKS hash=CLAIR status=SUCCESS
[2026-05-26 19:06:44] LOGIN_ATTEMPT login=bks hash=CLAIR status=FAILED error=Password mismatch
[2026-05-26 19:06:50] LOGIN_ATTEMPT login=bks hash=CLAIR status=SUCCESS
[2026-05-26 19:10:18] LOGIN_ATTEMPT login=bks hash=CLAIR status=SUCCESS
